2016-11-23 20:43:33,734 [main] INFO  PluginsService:220 - no modules loaded
2016-11-23 20:43:33,755 [main] INFO  PluginsService:223 - loaded plugin [org.elasticsearch.index.reindex.ReindexPlugin]
2016-11-23 20:43:33,755 [main] INFO  PluginsService:223 - loaded plugin [org.elasticsearch.percolator.PercolatorPlugin]
2016-11-23 20:43:33,756 [main] INFO  PluginsService:223 - loaded plugin [org.elasticsearch.script.mustache.MustachePlugin]
2016-11-23 20:43:33,756 [main] INFO  PluginsService:223 - loaded plugin [org.elasticsearch.transport.Netty3Plugin]
2016-11-23 20:43:33,757 [main] INFO  PluginsService:223 - loaded plugin [org.elasticsearch.transport.Netty4Plugin]
2016-11-23 20:45:27 [main] INFO  PluginsService:220 - no modules loaded
2016-11-23 20:45:27 [main] INFO  PluginsService:223 - loaded plugin [org.elasticsearch.index.reindex.ReindexPlugin]
2016-11-23 20:45:27 [main] INFO  PluginsService:223 - loaded plugin [org.elasticsearch.percolator.PercolatorPlugin]
2016-11-23 20:45:27 [main] INFO  PluginsService:223 - loaded plugin [org.elasticsearch.script.mustache.MustachePlugin]
2016-11-23 20:45:27 [main] INFO  PluginsService:223 - loaded plugin [org.elasticsearch.transport.Netty3Plugin]
2016-11-23 20:45:27 [main] INFO  PluginsService:223 - loaded plugin [org.elasticsearch.transport.Netty4Plugin]
2016-11-23 20:45:45,432 [main] INFO  PluginsService:220 - no modules loaded
2016-11-23 20:45:45,442 [main] INFO  PluginsService:223 - loaded plugin [org.elasticsearch.index.reindex.ReindexPlugin]
2016-11-23 20:45:45,442 [main] INFO  PluginsService:223 - loaded plugin [org.elasticsearch.percolator.PercolatorPlugin]
2016-11-23 20:45:45,442 [main] INFO  PluginsService:223 - loaded plugin [org.elasticsearch.script.mustache.MustachePlugin]
2016-11-23 20:45:45,443 [main] INFO  PluginsService:223 - loaded plugin [org.elasticsearch.transport.Netty3Plugin]
2016-11-23 20:45:45,443 [main] INFO  PluginsService:223 - loaded plugin [org.elasticsearch.transport.Netty4Plugin]
2016-11-23 20:46:04 [main] INFO  PluginsService:220 - no modules loaded
2016-11-23 20:46:04 [main] INFO  PluginsService:223 - loaded plugin [org.elasticsearch.index.reindex.ReindexPlugin]
2016-11-23 20:46:04 [main] INFO  PluginsService:223 - loaded plugin [org.elasticsearch.percolator.PercolatorPlugin]
2016-11-23 20:46:04 [main] INFO  PluginsService:223 - loaded plugin [org.elasticsearch.script.mustache.MustachePlugin]
2016-11-23 20:46:04 [main] INFO  PluginsService:223 - loaded plugin [org.elasticsearch.transport.Netty3Plugin]
2016-11-23 20:46:04 [main] INFO  PluginsService:223 - loaded plugin [org.elasticsearch.transport.Netty4Plugin]
2016-11-23 21:04:25 [main] INFO  PluginsService:220 - no modules loaded
2016-11-23 21:04:25 [main] INFO  PluginsService:223 - loaded plugin [org.elasticsearch.index.reindex.ReindexPlugin]
2016-11-23 21:04:25 [main] INFO  PluginsService:223 - loaded plugin [org.elasticsearch.percolator.PercolatorPlugin]
2016-11-23 21:04:25 [main] INFO  PluginsService:223 - loaded plugin [org.elasticsearch.script.mustache.MustachePlugin]
2016-11-23 21:04:25 [main] INFO  PluginsService:223 - loaded plugin [org.elasticsearch.transport.Netty3Plugin]
2016-11-23 21:04:25 [main] INFO  PluginsService:223 - loaded plugin [org.elasticsearch.transport.Netty4Plugin]
2016-11-23 22:41:20 [main] INFO  PluginsService:220 - no modules loaded
2016-11-23 22:41:20 [main] INFO  PluginsService:223 - loaded plugin [org.elasticsearch.index.reindex.ReindexPlugin]
2016-11-23 22:41:20 [main] INFO  PluginsService:223 - loaded plugin [org.elasticsearch.percolator.PercolatorPlugin]
2016-11-23 22:41:20 [main] INFO  PluginsService:223 - loaded plugin [org.elasticsearch.script.mustache.MustachePlugin]
2016-11-23 22:41:20 [main] INFO  PluginsService:223 - loaded plugin [org.elasticsearch.transport.Netty3Plugin]
2016-11-23 22:41:20 [main] INFO  PluginsService:223 - loaded plugin [org.elasticsearch.transport.Netty4Plugin]
2016-11-23 22:43:02 [main] INFO  PluginsService:220 - no modules loaded
2016-11-23 22:43:02 [main] INFO  PluginsService:223 - loaded plugin [org.elasticsearch.index.reindex.ReindexPlugin]
2016-11-23 22:43:02 [main] INFO  PluginsService:223 - loaded plugin [org.elasticsearch.percolator.PercolatorPlugin]
2016-11-23 22:43:02 [main] INFO  PluginsService:223 - loaded plugin [org.elasticsearch.script.mustache.MustachePlugin]
2016-11-23 22:43:02 [main] INFO  PluginsService:223 - loaded plugin [org.elasticsearch.transport.Netty3Plugin]
2016-11-23 22:43:02 [main] INFO  PluginsService:223 - loaded plugin [org.elasticsearch.transport.Netty4Plugin]
2016-11-23 22:44:58 [main] INFO  PluginsService:220 - no modules loaded
2016-11-23 22:44:58 [main] INFO  PluginsService:223 - loaded plugin [org.elasticsearch.index.reindex.ReindexPlugin]
2016-11-23 22:44:58 [main] INFO  PluginsService:223 - loaded plugin [org.elasticsearch.percolator.PercolatorPlugin]
2016-11-23 22:44:58 [main] INFO  PluginsService:223 - loaded plugin [org.elasticsearch.script.mustache.MustachePlugin]
2016-11-23 22:44:58 [main] INFO  PluginsService:223 - loaded plugin [org.elasticsearch.transport.Netty3Plugin]
2016-11-23 22:44:58 [main] INFO  PluginsService:223 - loaded plugin [org.elasticsearch.transport.Netty4Plugin]
2016-11-23 22:45:19 [main] INFO  PluginsService:220 - no modules loaded
2016-11-23 22:45:19 [main] INFO  PluginsService:223 - loaded plugin [org.elasticsearch.index.reindex.ReindexPlugin]
2016-11-23 22:45:19 [main] INFO  PluginsService:223 - loaded plugin [org.elasticsearch.percolator.PercolatorPlugin]
2016-11-23 22:45:19 [main] INFO  PluginsService:223 - loaded plugin [org.elasticsearch.script.mustache.MustachePlugin]
2016-11-23 22:45:19 [main] INFO  PluginsService:223 - loaded plugin [org.elasticsearch.transport.Netty3Plugin]
2016-11-23 22:45:19 [main] INFO  PluginsService:223 - loaded plugin [org.elasticsearch.transport.Netty4Plugin]
2016-11-23 22:46:46 [main] INFO  PluginsService:220 - no modules loaded
2016-11-23 22:46:46 [main] INFO  PluginsService:223 - loaded plugin [org.elasticsearch.index.reindex.ReindexPlugin]
2016-11-23 22:46:46 [main] INFO  PluginsService:223 - loaded plugin [org.elasticsearch.percolator.PercolatorPlugin]
2016-11-23 22:46:46 [main] INFO  PluginsService:223 - loaded plugin [org.elasticsearch.script.mustache.MustachePlugin]
2016-11-23 22:46:46 [main] INFO  PluginsService:223 - loaded plugin [org.elasticsearch.transport.Netty3Plugin]
2016-11-23 22:46:46 [main] INFO  PluginsService:223 - loaded plugin [org.elasticsearch.transport.Netty4Plugin]
2016-11-23 22:46:48 [main] ERROR DeleteAllIndices:33 - Index: DELETED.
2016-11-23 22:47:09 [main] INFO  PluginsService:220 - no modules loaded
2016-11-23 22:47:09 [main] INFO  PluginsService:223 - loaded plugin [org.elasticsearch.index.reindex.ReindexPlugin]
2016-11-23 22:47:09 [main] INFO  PluginsService:223 - loaded plugin [org.elasticsearch.percolator.PercolatorPlugin]
2016-11-23 22:47:09 [main] INFO  PluginsService:223 - loaded plugin [org.elasticsearch.script.mustache.MustachePlugin]
2016-11-23 22:47:09 [main] INFO  PluginsService:223 - loaded plugin [org.elasticsearch.transport.Netty3Plugin]
2016-11-23 22:47:09 [main] INFO  PluginsService:223 - loaded plugin [org.elasticsearch.transport.Netty4Plugin]
2016-11-23 22:47:31 [main] INFO  PluginsService:220 - no modules loaded
2016-11-23 22:47:31 [main] INFO  PluginsService:223 - loaded plugin [org.elasticsearch.index.reindex.ReindexPlugin]
2016-11-23 22:47:31 [main] INFO  PluginsService:223 - loaded plugin [org.elasticsearch.percolator.PercolatorPlugin]
2016-11-23 22:47:31 [main] INFO  PluginsService:223 - loaded plugin [org.elasticsearch.script.mustache.MustachePlugin]
2016-11-23 22:47:31 [main] INFO  PluginsService:223 - loaded plugin [org.elasticsearch.transport.Netty3Plugin]
2016-11-23 22:47:31 [main] INFO  PluginsService:223 - loaded plugin [org.elasticsearch.transport.Netty4Plugin]
2016-11-23 22:47:33 [main] ERROR DeleteAllIndices:33 - Index: DELETED.
2016-11-23 22:47:43 [main] INFO  PluginsService:220 - no modules loaded
2016-11-23 22:47:43 [main] INFO  PluginsService:223 - loaded plugin [org.elasticsearch.index.reindex.ReindexPlugin]
2016-11-23 22:47:43 [main] INFO  PluginsService:223 - loaded plugin [org.elasticsearch.percolator.PercolatorPlugin]
2016-11-23 22:47:43 [main] INFO  PluginsService:223 - loaded plugin [org.elasticsearch.script.mustache.MustachePlugin]
2016-11-23 22:47:43 [main] INFO  PluginsService:223 - loaded plugin [org.elasticsearch.transport.Netty3Plugin]
2016-11-23 22:47:43 [main] INFO  PluginsService:223 - loaded plugin [org.elasticsearch.transport.Netty4Plugin]
2016-11-23 22:48:11 [main] INFO  PluginsService:220 - no modules loaded
2016-11-23 22:48:11 [main] INFO  PluginsService:223 - loaded plugin [org.elasticsearch.index.reindex.ReindexPlugin]
2016-11-23 22:48:11 [main] INFO  PluginsService:223 - loaded plugin [org.elasticsearch.percolator.PercolatorPlugin]
2016-11-23 22:48:11 [main] INFO  PluginsService:223 - loaded plugin [org.elasticsearch.script.mustache.MustachePlugin]
2016-11-23 22:48:11 [main] INFO  PluginsService:223 - loaded plugin [org.elasticsearch.transport.Netty3Plugin]
2016-11-23 22:48:11 [main] INFO  PluginsService:223 - loaded plugin [org.elasticsearch.transport.Netty4Plugin]
2016-11-23 22:48:12 [main] ERROR DeleteAllIndices:33 - Index: DELETED.
2016-11-23 22:48:25 [main] INFO  PluginsService:220 - no modules loaded
2016-11-23 22:48:25 [main] INFO  PluginsService:223 - loaded plugin [org.elasticsearch.index.reindex.ReindexPlugin]
2016-11-23 22:48:25 [main] INFO  PluginsService:223 - loaded plugin [org.elasticsearch.percolator.PercolatorPlugin]
2016-11-23 22:48:25 [main] INFO  PluginsService:223 - loaded plugin [org.elasticsearch.script.mustache.MustachePlugin]
2016-11-23 22:48:25 [main] INFO  PluginsService:223 - loaded plugin [org.elasticsearch.transport.Netty3Plugin]
2016-11-23 22:48:25 [main] INFO  PluginsService:223 - loaded plugin [org.elasticsearch.transport.Netty4Plugin]
2016-11-24 13:16:55 [main] INFO  PluginsService:220 - no modules loaded
2016-11-24 13:16:55 [main] INFO  PluginsService:223 - loaded plugin [org.elasticsearch.index.reindex.ReindexPlugin]
2016-11-24 13:16:55 [main] INFO  PluginsService:223 - loaded plugin [org.elasticsearch.percolator.PercolatorPlugin]
2016-11-24 13:16:55 [main] INFO  PluginsService:223 - loaded plugin [org.elasticsearch.script.mustache.MustachePlugin]
2016-11-24 13:16:55 [main] INFO  PluginsService:223 - loaded plugin [org.elasticsearch.transport.Netty3Plugin]
2016-11-24 13:16:55 [main] INFO  PluginsService:223 - loaded plugin [org.elasticsearch.transport.Netty4Plugin]
2016-11-24 13:19:27 [main] INFO  PluginsService:220 - no modules loaded
2016-11-24 13:19:27 [main] INFO  PluginsService:223 - loaded plugin [org.elasticsearch.index.reindex.ReindexPlugin]
2016-11-24 13:19:27 [main] INFO  PluginsService:223 - loaded plugin [org.elasticsearch.percolator.PercolatorPlugin]
2016-11-24 13:19:27 [main] INFO  PluginsService:223 - loaded plugin [org.elasticsearch.script.mustache.MustachePlugin]
2016-11-24 13:19:27 [main] INFO  PluginsService:223 - loaded plugin [org.elasticsearch.transport.Netty3Plugin]
2016-11-24 13:19:27 [main] INFO  PluginsService:223 - loaded plugin [org.elasticsearch.transport.Netty4Plugin]
2016-11-24 13:22:21 [main] INFO  PluginsService:220 - no modules loaded
2016-11-24 13:22:21 [main] INFO  PluginsService:223 - loaded plugin [org.elasticsearch.index.reindex.ReindexPlugin]
2016-11-24 13:22:21 [main] INFO  PluginsService:223 - loaded plugin [org.elasticsearch.percolator.PercolatorPlugin]
2016-11-24 13:22:21 [main] INFO  PluginsService:223 - loaded plugin [org.elasticsearch.script.mustache.MustachePlugin]
2016-11-24 13:22:21 [main] INFO  PluginsService:223 - loaded plugin [org.elasticsearch.transport.Netty3Plugin]
2016-11-24 13:22:21 [main] INFO  PluginsService:223 - loaded plugin [org.elasticsearch.transport.Netty4Plugin]
2016-11-24 13:26:49 [main] INFO  PluginsService:220 - no modules loaded
2016-11-24 13:26:49 [main] INFO  PluginsService:223 - loaded plugin [org.elasticsearch.index.reindex.ReindexPlugin]
2016-11-24 13:26:49 [main] INFO  PluginsService:223 - loaded plugin [org.elasticsearch.percolator.PercolatorPlugin]
2016-11-24 13:26:49 [main] INFO  PluginsService:223 - loaded plugin [org.elasticsearch.script.mustache.MustachePlugin]
2016-11-24 13:26:49 [main] INFO  PluginsService:223 - loaded plugin [org.elasticsearch.transport.Netty3Plugin]
2016-11-24 13:26:49 [main] INFO  PluginsService:223 - loaded plugin [org.elasticsearch.transport.Netty4Plugin]
2016-11-24 14:44:23 [main] INFO  PluginsService:220 - no modules loaded
2016-11-24 14:44:23 [main] INFO  PluginsService:223 - loaded plugin [org.elasticsearch.index.reindex.ReindexPlugin]
2016-11-24 14:44:23 [main] INFO  PluginsService:223 - loaded plugin [org.elasticsearch.percolator.PercolatorPlugin]
2016-11-24 14:44:23 [main] INFO  PluginsService:223 - loaded plugin [org.elasticsearch.script.mustache.MustachePlugin]
2016-11-24 14:44:23 [main] INFO  PluginsService:223 - loaded plugin [org.elasticsearch.transport.Netty3Plugin]
2016-11-24 14:44:23 [main] INFO  PluginsService:223 - loaded plugin [org.elasticsearch.transport.Netty4Plugin]
2016-11-25 19:42:38 [main] INFO  PluginsService:220 - no modules loaded
2016-11-25 19:42:38 [main] INFO  PluginsService:223 - loaded plugin [org.elasticsearch.index.reindex.ReindexPlugin]
2016-11-25 19:42:38 [main] INFO  PluginsService:223 - loaded plugin [org.elasticsearch.percolator.PercolatorPlugin]
2016-11-25 19:42:38 [main] INFO  PluginsService:223 - loaded plugin [org.elasticsearch.script.mustache.MustachePlugin]
2016-11-25 19:42:38 [main] INFO  PluginsService:223 - loaded plugin [org.elasticsearch.transport.Netty3Plugin]
2016-11-25 19:42:38 [main] INFO  PluginsService:223 - loaded plugin [org.elasticsearch.transport.Netty4Plugin]
2016-11-25 22:18:01 [main] INFO  PluginsService:220 - no modules loaded
2016-11-25 22:18:01 [main] INFO  PluginsService:223 - loaded plugin [org.elasticsearch.index.reindex.ReindexPlugin]
2016-11-25 22:18:01 [main] INFO  PluginsService:223 - loaded plugin [org.elasticsearch.percolator.PercolatorPlugin]
2016-11-25 22:18:01 [main] INFO  PluginsService:223 - loaded plugin [org.elasticsearch.script.mustache.MustachePlugin]
2016-11-25 22:18:01 [main] INFO  PluginsService:223 - loaded plugin [org.elasticsearch.transport.Netty3Plugin]
2016-11-25 22:18:01 [main] INFO  PluginsService:223 - loaded plugin [org.elasticsearch.transport.Netty4Plugin]
2016-11-25 22:23:51 [main] INFO  PluginsService:220 - no modules loaded
2016-11-25 22:23:51 [main] INFO  PluginsService:223 - loaded plugin [org.elasticsearch.index.reindex.ReindexPlugin]
2016-11-25 22:23:51 [main] INFO  PluginsService:223 - loaded plugin [org.elasticsearch.percolator.PercolatorPlugin]
2016-11-25 22:23:51 [main] INFO  PluginsService:223 - loaded plugin [org.elasticsearch.script.mustache.MustachePlugin]
2016-11-25 22:23:51 [main] INFO  PluginsService:223 - loaded plugin [org.elasticsearch.transport.Netty3Plugin]
2016-11-25 22:23:51 [main] INFO  PluginsService:223 - loaded plugin [org.elasticsearch.transport.Netty4Plugin]
2016-11-25 22:46:04 [main] INFO  PluginsService:220 - no modules loaded
2016-11-25 22:46:04 [main] INFO  PluginsService:223 - loaded plugin [org.elasticsearch.index.reindex.ReindexPlugin]
2016-11-25 22:46:04 [main] INFO  PluginsService:223 - loaded plugin [org.elasticsearch.percolator.PercolatorPlugin]
2016-11-25 22:46:04 [main] INFO  PluginsService:223 - loaded plugin [org.elasticsearch.script.mustache.MustachePlugin]
2016-11-25 22:46:04 [main] INFO  PluginsService:223 - loaded plugin [org.elasticsearch.transport.Netty3Plugin]
2016-11-25 22:46:04 [main] INFO  PluginsService:223 - loaded plugin [org.elasticsearch.transport.Netty4Plugin]
2016-11-25 23:05:34 [main] INFO  PluginsService:220 - no modules loaded
2016-11-25 23:05:34 [main] INFO  PluginsService:223 - loaded plugin [org.elasticsearch.index.reindex.ReindexPlugin]
2016-11-25 23:05:34 [main] INFO  PluginsService:223 - loaded plugin [org.elasticsearch.percolator.PercolatorPlugin]
2016-11-25 23:05:34 [main] INFO  PluginsService:223 - loaded plugin [org.elasticsearch.script.mustache.MustachePlugin]
2016-11-25 23:05:34 [main] INFO  PluginsService:223 - loaded plugin [org.elasticsearch.transport.Netty3Plugin]
2016-11-25 23:05:34 [main] INFO  PluginsService:223 - loaded plugin [org.elasticsearch.transport.Netty4Plugin]
2016-11-25 23:12:27 [main] INFO  PluginsService:220 - no modules loaded
2016-11-25 23:12:27 [main] INFO  PluginsService:223 - loaded plugin [org.elasticsearch.index.reindex.ReindexPlugin]
2016-11-25 23:12:27 [main] INFO  PluginsService:223 - loaded plugin [org.elasticsearch.percolator.PercolatorPlugin]
2016-11-25 23:12:27 [main] INFO  PluginsService:223 - loaded plugin [org.elasticsearch.script.mustache.MustachePlugin]
2016-11-25 23:12:27 [main] INFO  PluginsService:223 - loaded plugin [org.elasticsearch.transport.Netty3Plugin]
2016-11-25 23:12:27 [main] INFO  PluginsService:223 - loaded plugin [org.elasticsearch.transport.Netty4Plugin]
2016-11-25 23:14:05 [main] INFO  PluginsService:220 - no modules loaded
2016-11-25 23:14:05 [main] INFO  PluginsService:223 - loaded plugin [org.elasticsearch.index.reindex.ReindexPlugin]
2016-11-25 23:14:05 [main] INFO  PluginsService:223 - loaded plugin [org.elasticsearch.percolator.PercolatorPlugin]
2016-11-25 23:14:05 [main] INFO  PluginsService:223 - loaded plugin [org.elasticsearch.script.mustache.MustachePlugin]
2016-11-25 23:14:05 [main] INFO  PluginsService:223 - loaded plugin [org.elasticsearch.transport.Netty3Plugin]
2016-11-25 23:14:05 [main] INFO  PluginsService:223 - loaded plugin [org.elasticsearch.transport.Netty4Plugin]
2016-11-25 23:14:10 [main] ERROR DeleteAllIndices:33 - Index: DELETED.
2016-11-25 23:23:59 [main] INFO  PluginsService:220 - no modules loaded
2016-11-25 23:23:59 [main] INFO  PluginsService:223 - loaded plugin [org.elasticsearch.index.reindex.ReindexPlugin]
2016-11-25 23:23:59 [main] INFO  PluginsService:223 - loaded plugin [org.elasticsearch.percolator.PercolatorPlugin]
2016-11-25 23:23:59 [main] INFO  PluginsService:223 - loaded plugin [org.elasticsearch.script.mustache.MustachePlugin]
2016-11-25 23:23:59 [main] INFO  PluginsService:223 - loaded plugin [org.elasticsearch.transport.Netty3Plugin]
2016-11-25 23:23:59 [main] INFO  PluginsService:223 - loaded plugin [org.elasticsearch.transport.Netty4Plugin]
2016-11-25 23:32:51 [main] INFO  PluginsService:220 - no modules loaded
2016-11-25 23:32:51 [main] INFO  PluginsService:223 - loaded plugin [org.elasticsearch.index.reindex.ReindexPlugin]
2016-11-25 23:32:51 [main] INFO  PluginsService:223 - loaded plugin [org.elasticsearch.percolator.PercolatorPlugin]
2016-11-25 23:32:51 [main] INFO  PluginsService:223 - loaded plugin [org.elasticsearch.script.mustache.MustachePlugin]
2016-11-25 23:32:51 [main] INFO  PluginsService:223 - loaded plugin [org.elasticsearch.transport.Netty3Plugin]
2016-11-25 23:32:51 [main] INFO  PluginsService:223 - loaded plugin [org.elasticsearch.transport.Netty4Plugin]
2016-11-26 04:10:22 [main] INFO  PluginsService:220 - no modules loaded
2016-11-26 04:10:22 [main] INFO  PluginsService:223 - loaded plugin [org.elasticsearch.index.reindex.ReindexPlugin]
2016-11-26 04:10:22 [main] INFO  PluginsService:223 - loaded plugin [org.elasticsearch.percolator.PercolatorPlugin]
2016-11-26 04:10:22 [main] INFO  PluginsService:223 - loaded plugin [org.elasticsearch.script.mustache.MustachePlugin]
2016-11-26 04:10:22 [main] INFO  PluginsService:223 - loaded plugin [org.elasticsearch.transport.Netty3Plugin]
2016-11-26 04:10:22 [main] INFO  PluginsService:223 - loaded plugin [org.elasticsearch.transport.Netty4Plugin]
2016-11-26 04:13:12 [main] INFO  PluginsService:220 - no modules loaded
2016-11-26 04:13:12 [main] INFO  PluginsService:223 - loaded plugin [org.elasticsearch.index.reindex.ReindexPlugin]
2016-11-26 04:13:12 [main] INFO  PluginsService:223 - loaded plugin [org.elasticsearch.percolator.PercolatorPlugin]
2016-11-26 04:13:12 [main] INFO  PluginsService:223 - loaded plugin [org.elasticsearch.script.mustache.MustachePlugin]
2016-11-26 04:13:12 [main] INFO  PluginsService:223 - loaded plugin [org.elasticsearch.transport.Netty3Plugin]
2016-11-26 04:13:12 [main] INFO  PluginsService:223 - loaded plugin [org.elasticsearch.transport.Netty4Plugin]
2016-11-26 04:15:08 [main] INFO  PluginsService:220 - no modules loaded
2016-11-26 04:15:08 [main] INFO  PluginsService:223 - loaded plugin [org.elasticsearch.index.reindex.ReindexPlugin]
2016-11-26 04:15:08 [main] INFO  PluginsService:223 - loaded plugin [org.elasticsearch.percolator.PercolatorPlugin]
2016-11-26 04:15:08 [main] INFO  PluginsService:223 - loaded plugin [org.elasticsearch.script.mustache.MustachePlugin]
2016-11-26 04:15:08 [main] INFO  PluginsService:223 - loaded plugin [org.elasticsearch.transport.Netty3Plugin]
2016-11-26 04:15:08 [main] INFO  PluginsService:223 - loaded plugin [org.elasticsearch.transport.Netty4Plugin]
2016-11-26 04:16:32 [main] INFO  PluginsService:220 - no modules loaded
2016-11-26 04:16:32 [main] INFO  PluginsService:223 - loaded plugin [org.elasticsearch.index.reindex.ReindexPlugin]
2016-11-26 04:16:32 [main] INFO  PluginsService:223 - loaded plugin [org.elasticsearch.percolator.PercolatorPlugin]
2016-11-26 04:16:32 [main] INFO  PluginsService:223 - loaded plugin [org.elasticsearch.script.mustache.MustachePlugin]
2016-11-26 04:16:32 [main] INFO  PluginsService:223 - loaded plugin [org.elasticsearch.transport.Netty3Plugin]
2016-11-26 04:16:32 [main] INFO  PluginsService:223 - loaded plugin [org.elasticsearch.transport.Netty4Plugin]
2016-11-26 13:34:11 [main] INFO  PluginsService:220 - no modules loaded
2016-11-26 13:34:11 [main] INFO  PluginsService:223 - loaded plugin [org.elasticsearch.index.reindex.ReindexPlugin]
2016-11-26 13:34:11 [main] INFO  PluginsService:223 - loaded plugin [org.elasticsearch.percolator.PercolatorPlugin]
2016-11-26 13:34:11 [main] INFO  PluginsService:223 - loaded plugin [org.elasticsearch.script.mustache.MustachePlugin]
2016-11-26 13:34:11 [main] INFO  PluginsService:223 - loaded plugin [org.elasticsearch.transport.Netty3Plugin]
2016-11-26 13:34:11 [main] INFO  PluginsService:223 - loaded plugin [org.elasticsearch.transport.Netty4Plugin]
2016-11-26 13:35:01 [main] INFO  PluginsService:220 - no modules loaded
2016-11-26 13:35:01 [main] INFO  PluginsService:223 - loaded plugin [org.elasticsearch.index.reindex.ReindexPlugin]
2016-11-26 13:35:01 [main] INFO  PluginsService:223 - loaded plugin [org.elasticsearch.percolator.PercolatorPlugin]
2016-11-26 13:35:01 [main] INFO  PluginsService:223 - loaded plugin [org.elasticsearch.script.mustache.MustachePlugin]
2016-11-26 13:35:01 [main] INFO  PluginsService:223 - loaded plugin [org.elasticsearch.transport.Netty3Plugin]
2016-11-26 13:35:01 [main] INFO  PluginsService:223 - loaded plugin [org.elasticsearch.transport.Netty4Plugin]
2016-11-26 13:35:21 [main] INFO  PluginsService:220 - no modules loaded
2016-11-26 13:35:21 [main] INFO  PluginsService:223 - loaded plugin [org.elasticsearch.index.reindex.ReindexPlugin]
2016-11-26 13:35:21 [main] INFO  PluginsService:223 - loaded plugin [org.elasticsearch.percolator.PercolatorPlugin]
2016-11-26 13:35:21 [main] INFO  PluginsService:223 - loaded plugin [org.elasticsearch.script.mustache.MustachePlugin]
2016-11-26 13:35:21 [main] INFO  PluginsService:223 - loaded plugin [org.elasticsearch.transport.Netty3Plugin]
2016-11-26 13:35:21 [main] INFO  PluginsService:223 - loaded plugin [org.elasticsearch.transport.Netty4Plugin]
2016-11-26 13:35:24 [main] ERROR DeleteAllIndices:33 - Index: DELETED.
2016-11-26 13:39:03 [main] INFO  PluginsService:220 - no modules loaded
2016-11-26 13:39:03 [main] INFO  PluginsService:223 - loaded plugin [org.elasticsearch.index.reindex.ReindexPlugin]
2016-11-26 13:39:03 [main] INFO  PluginsService:223 - loaded plugin [org.elasticsearch.percolator.PercolatorPlugin]
2016-11-26 13:39:03 [main] INFO  PluginsService:223 - loaded plugin [org.elasticsearch.script.mustache.MustachePlugin]
2016-11-26 13:39:03 [main] INFO  PluginsService:223 - loaded plugin [org.elasticsearch.transport.Netty3Plugin]
2016-11-26 13:39:03 [main] INFO  PluginsService:223 - loaded plugin [org.elasticsearch.transport.Netty4Plugin]
2016-11-26 13:41:14 [main] INFO  PluginsService:220 - no modules loaded
2016-11-26 13:41:14 [main] INFO  PluginsService:223 - loaded plugin [org.elasticsearch.index.reindex.ReindexPlugin]
2016-11-26 13:41:14 [main] INFO  PluginsService:223 - loaded plugin [org.elasticsearch.percolator.PercolatorPlugin]
2016-11-26 13:41:14 [main] INFO  PluginsService:223 - loaded plugin [org.elasticsearch.script.mustache.MustachePlugin]
2016-11-26 13:41:14 [main] INFO  PluginsService:223 - loaded plugin [org.elasticsearch.transport.Netty3Plugin]
2016-11-26 13:41:14 [main] INFO  PluginsService:223 - loaded plugin [org.elasticsearch.transport.Netty4Plugin]
2016-11-26 13:45:54 [main] INFO  PluginsService:220 - no modules loaded
2016-11-26 13:45:54 [main] INFO  PluginsService:223 - loaded plugin [org.elasticsearch.index.reindex.ReindexPlugin]
2016-11-26 13:45:54 [main] INFO  PluginsService:223 - loaded plugin [org.elasticsearch.percolator.PercolatorPlugin]
2016-11-26 13:45:54 [main] INFO  PluginsService:223 - loaded plugin [org.elasticsearch.script.mustache.MustachePlugin]
2016-11-26 13:45:54 [main] INFO  PluginsService:223 - loaded plugin [org.elasticsearch.transport.Netty3Plugin]
2016-11-26 13:45:54 [main] INFO  PluginsService:223 - loaded plugin [org.elasticsearch.transport.Netty4Plugin]
